<?xml version="1.0" encoding="UTF-8"?>
<testng-results ignored="0" total="2" passed="2" failed="0" skipped="0">
  <reporter-output>
  </reporter-output>
  <suite started-at="2024-05-07T08:36:23 IST" name="Default suite" finished-at="2024-05-07T08:36:27 IST" duration-ms="4157">
    <groups>
    </groups>
    <test started-at="2024-05-07T08:36:23 IST" name="Default test" finished-at="2024-05-07T08:36:27 IST" duration-ms="4157">
      <class name="test.ExtentReportsWithTestNg">
        <test-method is-config="true" signature="setUpTest()[pri:0, instance:test.ExtentReportsWithTestNg@1a677343]" started-at="2024-05-07T08:36:23 IST" name="setUpTest" finished-at="2024-05-07T08:36:23 IST" duration-ms="198" status="PASS">
          <reporter-output>
          </reporter-output>
        </test-method> <!-- setUpTest -->
        <test-method is-config="true" signature="beforeTest()[pri:0, instance:test.ExtentReportsWithTestNg@1a677343]" started-at="2024-05-07T08:36:23 IST" name="beforeTest" finished-at="2024-05-07T08:36:24 IST" duration-ms="1325" status="PASS">
          <reporter-output>
          </reporter-output>
        </test-method> <!-- beforeTest -->
        <test-method signature="googleSearchTestFail()[pri:0, instance:test.ExtentReportsWithTestNg@1a677343]" started-at="2024-05-07T08:36:24 IST" name="googleSearchTestFail" finished-at="2024-05-07T08:36:26 IST" duration-ms="1369" status="PASS">
          <reporter-output>
          </reporter-output>
        </test-method> <!-- googleSearchTestFail -->
        <test-method signature="googleSearchTestPass()[pri:0, instance:test.ExtentReportsWithTestNg@1a677343]" started-at="2024-05-07T08:36:26 IST" name="googleSearchTestPass" finished-at="2024-05-07T08:36:27 IST" duration-ms="1236" status="PASS">
          <reporter-output>
          </reporter-output>
        </test-method> <!-- googleSearchTestPass -->
        <test-method is-config="true" signature="afterTest()[pri:0, instance:test.ExtentReportsWithTestNg@1a677343]" started-at="2024-05-07T08:36:27 IST" name="afterTest" finished-at="2024-05-07T08:36:27 IST" duration-ms="185" status="PASS">
          <reporter-output>
          </reporter-output>
        </test-method> <!-- afterTest -->
        <test-method is-config="true" signature="tearDownTest()[pri:0, instance:test.ExtentReportsWithTestNg@1a677343]" started-at="2024-05-07T08:36:27 IST" name="tearDownTest" finished-at="2024-05-07T08:36:27 IST" duration-ms="228" status="PASS">
          <reporter-output>
          </reporter-output>
        </test-method> <!-- tearDownTest -->
      </class> <!-- test.ExtentReportsWithTestNg -->
    </test> <!-- Default test -->
  </suite> <!-- Default suite -->
</testng-results>
